{"/home/vagrant/nfd/nfd-kernel/lib/topology/deploy/executor/aws/amiExecutor.js":{"path":"/home/vagrant/nfd/nfd-kernel/lib/topology/deploy/executor/aws/amiExecutor.js","s":{"1":1,"2":1,"3":1,"4":1,"5":1,"6":1,"7":1,"8":1,"9":1,"10":1,"11":0,"12":1,"13":0,"14":1,"15":0,"16":1,"17":1,"18":1,"19":0,"20":0,"21":0,"22":0,"23":0,"24":0,"25":1,"26":1,"27":1,"28":0,"29":1,"30":0,"31":1,"32":0,"33":1,"34":1,"35":1,"36":1},"b":{"1":[0,1],"2":[0,1],"3":[0,1],"4":[1,0]},"f":{"1":1,"2":1,"3":1,"4":1,"5":0,"6":0,"7":1,"8":0,"9":0,"10":0,"11":1},"fnMap":{"1":{"name":"(anonymous_1)","line":44,"loc":{"start":{"line":44,"column":17},"end":{"line":44,"column":32}}},"2":{"name":"(anonymous_2)","line":48,"loc":{"start":{"line":48,"column":12},"end":{"line":48,"column":75}}},"3":{"name":"(anonymous_3)","line":54,"loc":{"start":{"line":54,"column":14},"end":{"line":54,"column":77}}},"4":{"name":"(anonymous_4)","line":74,"loc":{"start":{"line":74,"column":30},"end":{"line":74,"column":50}}},"5":{"name":"(anonymous_5)","line":76,"loc":{"start":{"line":76,"column":29},"end":{"line":76,"column":48}}},"6":{"name":"(anonymous_6)","line":79,"loc":{"start":{"line":79,"column":32},"end":{"line":79,"column":43}}},"7":{"name":"(anonymous_7)","line":89,"loc":{"start":{"line":89,"column":13},"end":{"line":89,"column":76}}},"8":{"name":"(anonymous_8)","line":95,"loc":{"start":{"line":95,"column":15},"end":{"line":95,"column":78}}},"9":{"name":"(anonymous_9)","line":101,"loc":{"start":{"line":101,"column":13},"end":{"line":101,"column":76}}},"10":{"name":"(anonymous_10)","line":107,"loc":{"start":{"line":107,"column":15},"end":{"line":107,"column":78}}},"11":{"name":"(anonymous_11)","line":113,"loc":{"start":{"line":113,"column":18},"end":{"line":113,"column":29}}}},"statementMap":{"1":{"start":{"line":17,"column":0},"end":{"line":17,"column":29}},"2":{"start":{"line":18,"column":0},"end":{"line":18,"column":40}},"3":{"start":{"line":44,"column":0},"end":{"line":128,"column":2}},"4":{"start":{"line":45,"column":2},"end":{"line":45,"column":11}},"5":{"start":{"line":48,"column":2},"end":{"line":50,"column":4}},"6":{"start":{"line":49,"column":4},"end":{"line":49,"column":9}},"7":{"start":{"line":54,"column":2},"end":{"line":84,"column":4}},"8":{"start":{"line":55,"column":4},"end":{"line":55,"column":26}},"9":{"start":{"line":56,"column":4},"end":{"line":62,"column":68}},"10":{"start":{"line":64,"column":4},"end":{"line":66,"column":5}},"11":{"start":{"line":65,"column":6},"end":{"line":65,"column":27}},"12":{"start":{"line":67,"column":4},"end":{"line":69,"column":5}},"13":{"start":{"line":68,"column":6},"end":{"line":68,"column":55}},"14":{"start":{"line":70,"column":4},"end":{"line":72,"column":5}},"15":{"start":{"line":71,"column":6},"end":{"line":71,"column":57}},"16":{"start":{"line":74,"column":4},"end":{"line":83,"column":7}},"17":{"start":{"line":75,"column":6},"end":{"line":75,"column":40}},"18":{"start":{"line":75,"column":17},"end":{"line":75,"column":38}},"19":{"start":{"line":76,"column":6},"end":{"line":81,"column":11}},"20":{"start":{"line":77,"column":8},"end":{"line":77,"column":45}},"21":{"start":{"line":78,"column":8},"end":{"line":78,"column":85}},"22":{"start":{"line":79,"column":8},"end":{"line":79,"column":47}},"23":{"start":{"line":80,"column":10},"end":{"line":80,"column":63}},"24":{"start":{"line":82,"column":6},"end":{"line":82,"column":28}},"25":{"start":{"line":89,"column":2},"end":{"line":91,"column":4}},"26":{"start":{"line":90,"column":4},"end":{"line":90,"column":9}},"27":{"start":{"line":95,"column":2},"end":{"line":97,"column":4}},"28":{"start":{"line":96,"column":4},"end":{"line":96,"column":9}},"29":{"start":{"line":101,"column":2},"end":{"line":103,"column":4}},"30":{"start":{"line":102,"column":4},"end":{"line":102,"column":9}},"31":{"start":{"line":107,"column":2},"end":{"line":109,"column":4}},"32":{"start":{"line":108,"column":4},"end":{"line":108,"column":9}},"33":{"start":{"line":113,"column":2},"end":{"line":115,"column":4}},"34":{"start":{"line":114,"column":4},"end":{"line":114,"column":25}},"35":{"start":{"line":119,"column":2},"end":{"line":119,"column":14}},"36":{"start":{"line":120,"column":2},"end":{"line":127,"column":4}}},"branchMap":{"1":{"line":64,"type":"if","locations":[{"start":{"line":64,"column":4},"end":{"line":64,"column":4}},{"start":{"line":64,"column":4},"end":{"line":64,"column":4}}]},"2":{"line":67,"type":"if","locations":[{"start":{"line":67,"column":4},"end":{"line":67,"column":4}},{"start":{"line":67,"column":4},"end":{"line":67,"column":4}}]},"3":{"line":70,"type":"if","locations":[{"start":{"line":70,"column":4},"end":{"line":70,"column":4}},{"start":{"line":70,"column":4},"end":{"line":70,"column":4}}]},"4":{"line":75,"type":"if","locations":[{"start":{"line":75,"column":6},"end":{"line":75,"column":6}},{"start":{"line":75,"column":6},"end":{"line":75,"column":6}}]}}},"/home/vagrant/nfd/nfd-kernel/lib/container/root.js":{"path":"/home/vagrant/nfd/nfd-kernel/lib/container/root.js","s":{"1":1,"2":1,"3":1,"4":3,"5":3,"6":3,"7":6,"8":2,"9":2,"10":8,"11":3,"12":1,"13":3,"14":1,"15":1,"16":3,"17":0,"18":0,"19":0,"20":3,"21":0,"22":0,"23":0,"24":3,"25":1,"26":3,"27":0,"28":0,"29":3,"30":3,"31":3},"b":{},"f":{"1":3,"2":6,"3":8,"4":1,"5":3,"6":0,"7":0,"8":0,"9":0,"10":1,"11":0,"12":0,"13":3},"fnMap":{"1":{"name":"(anonymous_1)","line":25,"loc":{"start":{"line":25,"column":17},"end":{"line":25,"column":35}}},"2":{"name":"(anonymous_2)","line":31,"loc":{"start":{"line":31,"column":13},"end":{"line":31,"column":27}}},"3":{"name":"(anonymous_3)","line":34,"loc":{"start":{"line":34,"column":33},"end":{"line":34,"column":56}}},"4":{"name":"(anonymous_4)","line":41,"loc":{"start":{"line":41,"column":28},"end":{"line":41,"column":53}}},"5":{"name":"(anonymous_5)","line":42,"loc":{"start":{"line":42,"column":35},"end":{"line":42,"column":58}}},"6":{"name":"(anonymous_6)","line":49,"loc":{"start":{"line":49,"column":25},"end":{"line":49,"column":47}}},"7":{"name":"(anonymous_7)","line":50,"loc":{"start":{"line":50,"column":58},"end":{"line":50,"column":78}}},"8":{"name":"(anonymous_8)","line":56,"loc":{"start":{"line":56,"column":22},"end":{"line":56,"column":44}}},"9":{"name":"(anonymous_9)","line":57,"loc":{"start":{"line":57,"column":58},"end":{"line":57,"column":78}}},"10":{"name":"(anonymous_10)","line":63,"loc":{"start":{"line":63,"column":17},"end":{"line":63,"column":28}}},"11":{"name":"(anonymous_11)","line":69,"loc":{"start":{"line":69,"column":26},"end":{"line":69,"column":40}}},"12":{"name":"(anonymous_12)","line":70,"loc":{"start":{"line":70,"column":27},"end":{"line":70,"column":50}}},"13":{"name":"(anonymous_13)","line":77,"loc":{"start":{"line":77,"column":18},"end":{"line":77,"column":29}}}},"statementMap":{"1":{"start":{"line":17,"column":0},"end":{"line":17,"column":30}},"2":{"start":{"line":18,"column":0},"end":{"line":18,"column":42}},"3":{"start":{"line":25,"column":0},"end":{"line":91,"column":2}},"4":{"start":{"line":26,"column":2},"end":{"line":26,"column":11}},"5":{"start":{"line":27,"column":2},"end":{"line":27,"column":21}},"6":{"start":{"line":31,"column":2},"end":{"line":37,"column":4}},"7":{"start":{"line":32,"column":4},"end":{"line":32,"column":24}},"8":{"start":{"line":33,"column":4},"end":{"line":33,"column":24}},"9":{"start":{"line":34,"column":4},"end":{"line":36,"column":7}},"10":{"start":{"line":35,"column":6},"end":{"line":35,"column":76}},"11":{"start":{"line":41,"column":2},"end":{"line":45,"column":4}},"12":{"start":{"line":42,"column":4},"end":{"line":42,"column":106}},"13":{"start":{"line":42,"column":60},"end":{"line":42,"column":102}},"14":{"start":{"line":43,"column":4},"end":{"line":43,"column":35}},"15":{"start":{"line":44,"column":4},"end":{"line":44,"column":13}},"16":{"start":{"line":49,"column":2},"end":{"line":52,"column":4}},"17":{"start":{"line":50,"column":4},"end":{"line":50,"column":120}},"18":{"start":{"line":50,"column":80},"end":{"line":50,"column":116}},"19":{"start":{"line":51,"column":4},"end":{"line":51,"column":64}},"20":{"start":{"line":56,"column":2},"end":{"line":59,"column":4}},"21":{"start":{"line":57,"column":4},"end":{"line":57,"column":120}},"22":{"start":{"line":57,"column":80},"end":{"line":57,"column":116}},"23":{"start":{"line":58,"column":4},"end":{"line":58,"column":21}},"24":{"start":{"line":63,"column":2},"end":{"line":65,"column":4}},"25":{"start":{"line":64,"column":4},"end":{"line":64,"column":41}},"26":{"start":{"line":69,"column":2},"end":{"line":73,"column":4}},"27":{"start":{"line":70,"column":4},"end":{"line":72,"column":7}},"28":{"start":{"line":71,"column":6},"end":{"line":71,"column":43}},"29":{"start":{"line":77,"column":2},"end":{"line":78,"column":4}},"30":{"start":{"line":82,"column":2},"end":{"line":82,"column":14}},"31":{"start":{"line":83,"column":2},"end":{"line":90,"column":4}}},"branchMap":{}},"/home/vagrant/nfd/nfd-kernel/lib/container/container.js":{"path":"/home/vagrant/nfd/nfd-kernel/lib/container/container.js","s":{"1":1,"2":1,"3":8,"4":8,"5":8,"6":8,"7":8,"8":8,"9":0,"10":8,"11":8,"12":8},"b":{},"f":{"1":8,"2":0,"3":8},"fnMap":{"1":{"name":"(anonymous_1)","line":24,"loc":{"start":{"line":24,"column":17},"end":{"line":24,"column":49}}},"2":{"name":"(anonymous_2)","line":33,"loc":{"start":{"line":33,"column":18},"end":{"line":33,"column":29}}},"3":{"name":"(anonymous_3)","line":43,"loc":{"start":{"line":43,"column":18},"end":{"line":43,"column":29}}}},"statementMap":{"1":{"start":{"line":17,"column":0},"end":{"line":17,"column":31}},"2":{"start":{"line":24,"column":0},"end":{"line":62,"column":2}},"3":{"start":{"line":25,"column":2},"end":{"line":25,"column":17}},"4":{"start":{"line":26,"column":2},"end":{"line":26,"column":15}},"5":{"start":{"line":27,"column":2},"end":{"line":27,"column":18}},"6":{"start":{"line":28,"column":2},"end":{"line":28,"column":20}},"7":{"start":{"line":29,"column":2},"end":{"line":29,"column":18}},"8":{"start":{"line":33,"column":2},"end":{"line":35,"column":4}},"9":{"start":{"line":34,"column":4},"end":{"line":34,"column":41}},"10":{"start":{"line":43,"column":2},"end":{"line":45,"column":4}},"11":{"start":{"line":49,"column":2},"end":{"line":49,"column":14}},"12":{"start":{"line":50,"column":2},"end":{"line":50,"column":14}}},"branchMap":{}},"/home/vagrant/nfd/nfd-kernel/lib/container/build/builder.js":{"path":"/home/vagrant/nfd/nfd-kernel/lib/container/build/builder.js","s":{"1":1,"2":1,"3":1,"4":1,"5":1,"6":1,"7":1,"8":1,"9":1,"10":1,"11":1,"12":1,"13":1,"14":1,"15":1,"16":1,"17":1,"18":1,"19":1,"20":1,"21":1,"22":1,"23":1,"24":1,"25":1,"26":1,"27":1,"28":1,"29":1},"b":{},"f":{"1":1,"2":1,"3":1,"4":1,"5":1,"6":1},"fnMap":{"1":{"name":"(anonymous_1)","line":27,"loc":{"start":{"line":27,"column":17},"end":{"line":27,"column":35}}},"2":{"name":"(anonymous_2)","line":33,"loc":{"start":{"line":33,"column":20},"end":{"line":33,"column":35}}},"3":{"name":"(anonymous_3)","line":54,"loc":{"start":{"line":54,"column":14},"end":{"line":54,"column":54}}},"4":{"name":"(anonymous_4)","line":62,"loc":{"start":{"line":62,"column":74},"end":{"line":62,"column":100}}},"5":{"name":"(anonymous_5)","line":65,"loc":{"start":{"line":65,"column":82},"end":{"line":65,"column":106}}},"6":{"name":"(anonymous_6)","line":76,"loc":{"start":{"line":76,"column":18},"end":{"line":76,"column":29}}}},"statementMap":{"1":{"start":{"line":17,"column":0},"end":{"line":17,"column":23}},"2":{"start":{"line":18,"column":0},"end":{"line":18,"column":31}},"3":{"start":{"line":19,"column":0},"end":{"line":19,"column":46}},"4":{"start":{"line":20,"column":0},"end":{"line":20,"column":40}},"5":{"start":{"line":27,"column":0},"end":{"line":88,"column":2}},"6":{"start":{"line":28,"column":2},"end":{"line":28,"column":18}},"7":{"start":{"line":29,"column":2},"end":{"line":29,"column":18}},"8":{"start":{"line":33,"column":2},"end":{"line":44,"column":4}},"9":{"start":{"line":34,"column":4},"end":{"line":34,"column":32}},"10":{"start":{"line":36,"column":4},"end":{"line":36,"column":54}},"11":{"start":{"line":37,"column":4},"end":{"line":42,"column":5}},"12":{"start":{"line":38,"column":6},"end":{"line":38,"column":40}},"13":{"start":{"line":43,"column":4},"end":{"line":43,"column":19}},"14":{"start":{"line":54,"column":2},"end":{"line":72,"column":4}},"15":{"start":{"line":56,"column":4},"end":{"line":56,"column":71}},"16":{"start":{"line":57,"column":4},"end":{"line":57,"column":36}},"17":{"start":{"line":59,"column":4},"end":{"line":59,"column":43}},"18":{"start":{"line":60,"column":4},"end":{"line":60,"column":21}},"19":{"start":{"line":61,"column":4},"end":{"line":61,"column":50}},"20":{"start":{"line":62,"column":4},"end":{"line":71,"column":7}},"21":{"start":{"line":64,"column":6},"end":{"line":64,"column":47}},"22":{"start":{"line":65,"column":6},"end":{"line":70,"column":9}},"23":{"start":{"line":67,"column":8},"end":{"line":67,"column":35}},"24":{"start":{"line":68,"column":8},"end":{"line":68,"column":39}},"25":{"start":{"line":69,"column":8},"end":{"line":69,"column":26}},"26":{"start":{"line":76,"column":2},"end":{"line":80,"column":4}},"27":{"start":{"line":77,"column":4},"end":{"line":79,"column":73}},"28":{"start":{"line":84,"column":2},"end":{"line":84,"column":14}},"29":{"start":{"line":85,"column":2},"end":{"line":87,"column":4}}},"branchMap":{}},"/home/vagrant/nfd/nfd-kernel/lib/util/executor.js":{"path":"/home/vagrant/nfd/nfd-kernel/lib/util/executor.js","s":{"1":1,"2":1,"3":3,"4":3,"5":3,"6":17,"7":0,"8":0,"9":17,"10":3,"11":1,"12":3,"13":3,"14":0,"15":3},"b":{"1":[0,17],"2":[0,3]},"f":{"1":3,"2":17,"3":1,"4":3},"fnMap":{"1":{"name":"(anonymous_1)","line":46,"loc":{"start":{"line":46,"column":15},"end":{"line":46,"column":43}}},"2":{"name":"(anonymous_2)","line":50,"loc":{"start":{"line":50,"column":25},"end":{"line":50,"column":41}}},"3":{"name":"(anonymous_3)","line":58,"loc":{"start":{"line":58,"column":25},"end":{"line":58,"column":41}}},"4":{"name":"(anonymous_4)","line":62,"loc":{"start":{"line":62,"column":19},"end":{"line":62,"column":35}}}},"statementMap":{"1":{"start":{"line":17,"column":0},"end":{"line":17,"column":41}},"2":{"start":{"line":46,"column":0},"end":{"line":68,"column":2}},"3":{"start":{"line":47,"column":2},"end":{"line":47,"column":35}},"4":{"start":{"line":48,"column":2},"end":{"line":48,"column":17}},"5":{"start":{"line":50,"column":2},"end":{"line":56,"column":5}},"6":{"start":{"line":51,"column":4},"end":{"line":54,"column":5}},"7":{"start":{"line":52,"column":6},"end":{"line":52,"column":34}},"8":{"start":{"line":53,"column":6},"end":{"line":53,"column":37}},"9":{"start":{"line":55,"column":4},"end":{"line":55,"column":21}},"10":{"start":{"line":58,"column":2},"end":{"line":60,"column":5}},"11":{"start":{"line":59,"column":4},"end":{"line":59,"column":21}},"12":{"start":{"line":62,"column":2},"end":{"line":67,"column":5}},"13":{"start":{"line":63,"column":4},"end":{"line":65,"column":5}},"14":{"start":{"line":64,"column":6},"end":{"line":64,"column":23}},"15":{"start":{"line":66,"column":4},"end":{"line":66,"column":31}}},"branchMap":{"1":{"line":51,"type":"if","locations":[{"start":{"line":51,"column":4},"end":{"line":51,"column":4}},{"start":{"line":51,"column":4},"end":{"line":51,"column":4}}]},"2":{"line":63,"type":"if","locations":[{"start":{"line":63,"column":4},"end":{"line":63,"column":4}},{"start":{"line":63,"column":4},"end":{"line":63,"column":4}}]}}},"/home/vagrant/nfd/nfd-kernel/lib/util/paths.js":{"path":"/home/vagrant/nfd/nfd-kernel/lib/util/paths.js","s":{"1":1,"2":2,"3":2,"4":2,"5":2,"6":1,"7":1,"8":1},"b":{},"f":{"1":2,"2":1},"fnMap":{"1":{"name":"(anonymous_1)","line":17,"loc":{"start":{"line":17,"column":29},"end":{"line":17,"column":69}}},"2":{"name":"(anonymous_2)","line":26,"loc":{"start":{"line":26,"column":28},"end":{"line":26,"column":54}}}},"statementMap":{"1":{"start":{"line":17,"column":0},"end":{"line":22,"column":2}},"2":{"start":{"line":18,"column":2},"end":{"line":18,"column":56}},"3":{"start":{"line":19,"column":2},"end":{"line":19,"column":30}},"4":{"start":{"line":20,"column":2},"end":{"line":20,"column":59}},"5":{"start":{"line":21,"column":2},"end":{"line":21,"column":31}},"6":{"start":{"line":26,"column":0},"end":{"line":29,"column":2}},"7":{"start":{"line":27,"column":2},"end":{"line":27,"column":73}},"8":{"start":{"line":28,"column":2},"end":{"line":28,"column":19}}},"branchMap":{}},"/home/vagrant/nfd/nfd-kernel/lib/container/build/docker/dockerBuilder.js":{"path":"/home/vagrant/nfd/nfd-kernel/lib/container/build/docker/dockerBuilder.js","s":{"1":1,"2":1,"3":1,"4":1,"5":1,"6":1,"7":1,"8":1,"9":1,"10":1,"11":1,"12":1,"13":1,"14":1,"15":1,"16":1,"17":1,"18":1,"19":1,"20":1,"21":1,"22":1,"23":1,"24":1,"25":1,"26":1,"27":1,"28":1,"29":1,"30":1,"31":1,"32":1,"33":1,"34":1,"35":1,"36":1,"37":1,"38":1},"b":{},"f":{"1":1,"2":1,"3":1,"4":1,"5":1,"6":1,"7":1,"8":1},"fnMap":{"1":{"name":"(anonymous_1)","line":27,"loc":{"start":{"line":27,"column":17},"end":{"line":27,"column":35}}},"2":{"name":"(anonymous_2)","line":35,"loc":{"start":{"line":35,"column":14},"end":{"line":35,"column":66}}},"3":{"name":"(anonymous_3)","line":52,"loc":{"start":{"line":52,"column":109},"end":{"line":52,"column":120}}},"4":{"name":"(anonymous_4)","line":55,"loc":{"start":{"line":55,"column":41},"end":{"line":55,"column":52}}},"5":{"name":"(anonymous_5)","line":63,"loc":{"start":{"line":63,"column":110},"end":{"line":63,"column":121}}},"6":{"name":"(anonymous_6)","line":65,"loc":{"start":{"line":65,"column":45},"end":{"line":65,"column":56}}},"7":{"name":"(anonymous_7)","line":66,"loc":{"start":{"line":66,"column":105},"end":{"line":66,"column":126}}},"8":{"name":"(anonymous_8)","line":83,"loc":{"start":{"line":83,"column":18},"end":{"line":83,"column":29}}}},"statementMap":{"1":{"start":{"line":17,"column":0},"end":{"line":17,"column":30}},"2":{"start":{"line":18,"column":0},"end":{"line":18,"column":23}},"3":{"start":{"line":19,"column":0},"end":{"line":19,"column":49}},"4":{"start":{"line":20,"column":0},"end":{"line":20,"column":43}},"5":{"start":{"line":27,"column":0},"end":{"line":93,"column":2}},"6":{"start":{"line":28,"column":2},"end":{"line":28,"column":14}},"7":{"start":{"line":35,"column":2},"end":{"line":76,"column":4}},"8":{"start":{"line":36,"column":4},"end":{"line":36,"column":34}},"9":{"start":{"line":37,"column":4},"end":{"line":37,"column":57}},"10":{"start":{"line":38,"column":4},"end":{"line":38,"column":71}},"11":{"start":{"line":39,"column":4},"end":{"line":39,"column":61}},"12":{"start":{"line":40,"column":4},"end":{"line":40,"column":26}},"13":{"start":{"line":42,"column":4},"end":{"line":42,"column":22}},"14":{"start":{"line":43,"column":4},"end":{"line":43,"column":34}},"15":{"start":{"line":44,"column":4},"end":{"line":44,"column":83}},"16":{"start":{"line":45,"column":4},"end":{"line":45,"column":64}},"17":{"start":{"line":46,"column":4},"end":{"line":46,"column":59}},"18":{"start":{"line":47,"column":4},"end":{"line":47,"column":81}},"19":{"start":{"line":48,"column":4},"end":{"line":48,"column":57}},"20":{"start":{"line":49,"column":4},"end":{"line":49,"column":61}},"21":{"start":{"line":50,"column":4},"end":{"line":50,"column":23}},"22":{"start":{"line":52,"column":4},"end":{"line":75,"column":7}},"23":{"start":{"line":55,"column":6},"end":{"line":74,"column":9}},"24":{"start":{"line":56,"column":8},"end":{"line":56,"column":88}},"25":{"start":{"line":57,"column":8},"end":{"line":57,"column":68}},"26":{"start":{"line":58,"column":8},"end":{"line":58,"column":63}},"27":{"start":{"line":59,"column":8},"end":{"line":59,"column":85}},"28":{"start":{"line":60,"column":8},"end":{"line":60,"column":61}},"29":{"start":{"line":61,"column":8},"end":{"line":61,"column":62}},"30":{"start":{"line":62,"column":8},"end":{"line":62,"column":27}},"31":{"start":{"line":63,"column":8},"end":{"line":73,"column":11}},"32":{"start":{"line":65,"column":10},"end":{"line":72,"column":13}},"33":{"start":{"line":66,"column":10},"end":{"line":71,"column":15}},"34":{"start":{"line":67,"column":12},"end":{"line":70,"column":68}},"35":{"start":{"line":83,"column":2},"end":{"line":85,"column":4}},"36":{"start":{"line":84,"column":4},"end":{"line":84,"column":48}},"37":{"start":{"line":89,"column":2},"end":{"line":89,"column":14}},"38":{"start":{"line":90,"column":2},"end":{"line":92,"column":4}}},"branchMap":{}},"/home/vagrant/nfd/nfd-kernel/lib/util/docker.js":{"path":"/home/vagrant/nfd/nfd-kernel/lib/util/docker.js","s":{"1":1,"2":1,"3":1,"4":1,"5":2,"6":2,"7":2,"8":2,"9":2,"10":13,"11":21,"12":2,"13":2},"b":{},"f":{"1":2,"2":2,"3":2,"4":13,"5":21},"fnMap":{"1":{"name":"(anonymous_1)","line":26,"loc":{"start":{"line":26,"column":17},"end":{"line":26,"column":28}}},"2":{"name":"(anonymous_2)","line":33,"loc":{"start":{"line":33,"column":18},"end":{"line":33,"column":42}}},"3":{"name":"(anonymous_3)","line":35,"loc":{"start":{"line":35,"column":22},"end":{"line":35,"column":44}}},"4":{"name":"(anonymous_4)","line":36,"loc":{"start":{"line":36,"column":29},"end":{"line":36,"column":45}}},"5":{"name":"(anonymous_5)","line":37,"loc":{"start":{"line":37,"column":38},"end":{"line":37,"column":52}}}},"statementMap":{"1":{"start":{"line":17,"column":0},"end":{"line":17,"column":34}},"2":{"start":{"line":18,"column":0},"end":{"line":18,"column":62}},"3":{"start":{"line":19,"column":0},"end":{"line":19,"column":30}},"4":{"start":{"line":26,"column":0},"end":{"line":51,"column":2}},"5":{"start":{"line":27,"column":2},"end":{"line":27,"column":14}},"6":{"start":{"line":33,"column":2},"end":{"line":44,"column":4}},"7":{"start":{"line":34,"column":4},"end":{"line":34,"column":63}},"8":{"start":{"line":35,"column":4},"end":{"line":43,"column":7}},"9":{"start":{"line":36,"column":6},"end":{"line":41,"column":9}},"10":{"start":{"line":37,"column":8},"end":{"line":40,"column":11}},"11":{"start":{"line":39,"column":10},"end":{"line":39,"column":47}},"12":{"start":{"line":42,"column":6},"end":{"line":42,"column":17}},"13":{"start":{"line":48,"column":2},"end":{"line":50,"column":4}}},"branchMap":{}},"/home/vagrant/nfd/nfd-kernel/lib/util/consoleOut.js":{"path":"/home/vagrant/nfd/nfd-kernel/lib/util/consoleOut.js","s":{"1":1,"2":24,"3":1,"4":1},"b":{},"f":{"1":24,"2":1},"fnMap":{"1":{"name":"(anonymous_1)","line":18,"loc":{"start":{"line":18,"column":17},"end":{"line":18,"column":31}}},"2":{"name":"(anonymous_2)","line":23,"loc":{"start":{"line":23,"column":17},"end":{"line":23,"column":31}}}},"statementMap":{"1":{"start":{"line":18,"column":0},"end":{"line":20,"column":2}},"2":{"start":{"line":19,"column":2},"end":{"line":19,"column":19}},"3":{"start":{"line":23,"column":0},"end":{"line":25,"column":2}},"4":{"start":{"line":24,"column":2},"end":{"line":24,"column":19}}},"branchMap":{}},"/home/vagrant/nfd/nfd-kernel/lib/commitlog/commitlog.js":{"path":"/home/vagrant/nfd/nfd-kernel/lib/commitlog/commitlog.js","s":{"1":1,"2":1,"3":1,"4":1,"5":1,"6":1,"7":1,"8":1,"9":1,"10":0,"11":1,"12":1,"13":0,"14":1,"15":1,"16":1,"17":1,"18":1,"19":1,"20":0,"21":1,"22":1,"23":0,"24":1,"25":1,"26":4,"27":4,"28":0,"29":4,"30":1,"31":2,"32":1,"33":1,"34":1,"35":1,"36":0,"37":1,"38":1,"39":2,"40":2,"41":2,"42":0,"43":2,"44":2,"45":1,"46":1,"47":1,"48":1,"49":1,"50":1,"51":1,"52":1,"53":1,"54":1,"55":0,"56":1,"57":1,"58":1,"59":1,"60":1,"61":1,"62":1,"63":0,"64":1,"65":0,"66":0,"67":1,"68":1,"69":1,"70":1,"71":0,"72":1,"73":0,"74":0,"75":1,"76":1,"77":1,"78":1,"79":1,"80":0,"81":0,"82":1,"83":1,"84":1},"b":{"1":[0,1],"2":[1,0],"3":[0,1],"4":[1,0],"5":[0,4],"6":[1,1],"7":[0,1],"8":[0,2],"9":[0,1],"10":[0,1],"11":[0,1],"12":[0,1],"13":[0,1],"14":[0,1]},"f":{"1":1,"2":1,"3":1,"4":1,"5":1,"6":1,"7":4,"8":4,"9":2,"10":1,"11":2,"12":2,"13":2,"14":1,"15":1,"16":1,"17":1,"18":1,"19":1,"20":1,"21":1,"22":1,"23":1,"24":1,"25":1,"26":0},"fnMap":{"1":{"name":"(anonymous_1)","line":39,"loc":{"start":{"line":39,"column":17},"end":{"line":39,"column":35}}},"2":{"name":"(anonymous_2)","line":48,"loc":{"start":{"line":48,"column":23},"end":{"line":48,"column":68}}},"3":{"name":"(anonymous_3)","line":50,"loc":{"start":{"line":50,"column":22},"end":{"line":50,"column":42}}},"4":{"name":"(anonymous_4)","line":70,"loc":{"start":{"line":70,"column":28},"end":{"line":70,"column":42}}},"5":{"name":"(anonymous_5)","line":81,"loc":{"start":{"line":81,"column":23},"end":{"line":81,"column":46}}},"6":{"name":"(anonymous_6)","line":83,"loc":{"start":{"line":83,"column":22},"end":{"line":83,"column":42}}},"7":{"name":"(anonymous_7)","line":100,"loc":{"start":{"line":100,"column":16},"end":{"line":100,"column":39}}},"8":{"name":"(anonymous_8)","line":101,"loc":{"start":{"line":101,"column":64},"end":{"line":101,"column":84}}},"9":{"name":"(anonymous_9)","line":112,"loc":{"start":{"line":112,"column":20},"end":{"line":112,"column":55}}},"10":{"name":"(anonymous_10)","line":118,"loc":{"start":{"line":118,"column":62},"end":{"line":118,"column":86}}},"11":{"name":"(anonymous_11)","line":131,"loc":{"start":{"line":131,"column":29},"end":{"line":131,"column":64}}},"12":{"name":"(anonymous_12)","line":133,"loc":{"start":{"line":133,"column":86},"end":{"line":133,"column":99}}},"13":{"name":"(anonymous_13)","line":135,"loc":{"start":{"line":135,"column":89},"end":{"line":135,"column":102}}},"14":{"name":"(anonymous_14)","line":147,"loc":{"start":{"line":147,"column":25},"end":{"line":147,"column":48}}},"15":{"name":"(anonymous_15)","line":148,"loc":{"start":{"line":148,"column":22},"end":{"line":148,"column":42}}},"16":{"name":"(anonymous_16)","line":149,"loc":{"start":{"line":149,"column":52},"end":{"line":149,"column":66}}},"17":{"name":"(anonymous_17)","line":160,"loc":{"start":{"line":160,"column":28},"end":{"line":160,"column":51}}},"18":{"name":"(anonymous_18)","line":161,"loc":{"start":{"line":161,"column":59},"end":{"line":161,"column":83}}},"19":{"name":"(anonymous_19)","line":171,"loc":{"start":{"line":171,"column":22},"end":{"line":171,"column":45}}},"20":{"name":"(anonymous_20)","line":172,"loc":{"start":{"line":172,"column":67},"end":{"line":172,"column":87}}},"21":{"name":"(anonymous_21)","line":183,"loc":{"start":{"line":183,"column":21},"end":{"line":183,"column":56}}},"22":{"name":"(anonymous_22)","line":187,"loc":{"start":{"line":187,"column":61},"end":{"line":187,"column":81}}},"23":{"name":"(anonymous_23)","line":196,"loc":{"start":{"line":196,"column":57},"end":{"line":196,"column":77}}},"24":{"name":"(anonymous_24)","line":212,"loc":{"start":{"line":212,"column":18},"end":{"line":212,"column":29}}},"25":{"name":"(anonymous_25)","line":218,"loc":{"start":{"line":218,"column":18},"end":{"line":218,"column":45}}},"26":{"name":"(anonymous_26)","line":220,"loc":{"start":{"line":220,"column":55},"end":{"line":220,"column":75}}}},"statementMap":{"1":{"start":{"line":17,"column":0},"end":{"line":17,"column":30}},"2":{"start":{"line":18,"column":0},"end":{"line":18,"column":33}},"3":{"start":{"line":19,"column":0},"end":{"line":19,"column":27}},"4":{"start":{"line":39,"column":0},"end":{"line":244,"column":2}},"5":{"start":{"line":40,"column":2},"end":{"line":40,"column":10}},"6":{"start":{"line":48,"column":2},"end":{"line":74,"column":4}},"7":{"start":{"line":49,"column":4},"end":{"line":49,"column":12}},"8":{"start":{"line":50,"column":4},"end":{"line":73,"column":7}},"9":{"start":{"line":51,"column":6},"end":{"line":51,"column":34}},"10":{"start":{"line":51,"column":17},"end":{"line":51,"column":32}},"11":{"start":{"line":52,"column":6},"end":{"line":69,"column":7}},"12":{"start":{"line":53,"column":8},"end":{"line":59,"column":32}},"13":{"start":{"line":62,"column":8},"end":{"line":68,"column":32}},"14":{"start":{"line":70,"column":6},"end":{"line":72,"column":9}},"15":{"start":{"line":71,"column":8},"end":{"line":71,"column":16}},"16":{"start":{"line":81,"column":2},"end":{"line":93,"column":4}},"17":{"start":{"line":82,"column":4},"end":{"line":82,"column":12}},"18":{"start":{"line":83,"column":4},"end":{"line":92,"column":7}},"19":{"start":{"line":84,"column":6},"end":{"line":84,"column":34}},"20":{"start":{"line":84,"column":17},"end":{"line":84,"column":32}},"21":{"start":{"line":85,"column":6},"end":{"line":90,"column":7}},"22":{"start":{"line":86,"column":8},"end":{"line":86,"column":32}},"23":{"start":{"line":89,"column":8},"end":{"line":89,"column":16}},"24":{"start":{"line":91,"column":6},"end":{"line":91,"column":19}},"25":{"start":{"line":100,"column":2},"end":{"line":105,"column":4}},"26":{"start":{"line":101,"column":4},"end":{"line":104,"column":7}},"27":{"start":{"line":102,"column":6},"end":{"line":102,"column":34}},"28":{"start":{"line":102,"column":17},"end":{"line":102,"column":32}},"29":{"start":{"line":103,"column":6},"end":{"line":103,"column":24}},"30":{"start":{"line":112,"column":2},"end":{"line":123,"column":4}},"31":{"start":{"line":113,"column":4},"end":{"line":122,"column":5}},"32":{"start":{"line":114,"column":6},"end":{"line":114,"column":28}},"33":{"start":{"line":117,"column":6},"end":{"line":117,"column":43}},"34":{"start":{"line":118,"column":6},"end":{"line":121,"column":9}},"35":{"start":{"line":119,"column":8},"end":{"line":119,"column":36}},"36":{"start":{"line":119,"column":19},"end":{"line":119,"column":34}},"37":{"start":{"line":120,"column":8},"end":{"line":120,"column":30}},"38":{"start":{"line":131,"column":2},"end":{"line":139,"column":4}},"39":{"start":{"line":132,"column":4},"end":{"line":132,"column":41}},"40":{"start":{"line":133,"column":4},"end":{"line":138,"column":7}},"41":{"start":{"line":134,"column":6},"end":{"line":134,"column":32}},"42":{"start":{"line":134,"column":16},"end":{"line":134,"column":30}},"43":{"start":{"line":135,"column":6},"end":{"line":137,"column":9}},"44":{"start":{"line":136,"column":8},"end":{"line":136,"column":15}},"45":{"start":{"line":147,"column":2},"end":{"line":153,"column":4}},"46":{"start":{"line":148,"column":4},"end":{"line":152,"column":7}},"47":{"start":{"line":149,"column":6},"end":{"line":151,"column":9}},"48":{"start":{"line":150,"column":8},"end":{"line":150,"column":16}},"49":{"start":{"line":160,"column":2},"end":{"line":164,"column":4}},"50":{"start":{"line":161,"column":4},"end":{"line":163,"column":7}},"51":{"start":{"line":162,"column":6},"end":{"line":162,"column":27}},"52":{"start":{"line":171,"column":2},"end":{"line":176,"column":4}},"53":{"start":{"line":172,"column":4},"end":{"line":175,"column":7}},"54":{"start":{"line":173,"column":6},"end":{"line":173,"column":34}},"55":{"start":{"line":173,"column":17},"end":{"line":173,"column":32}},"56":{"start":{"line":174,"column":6},"end":{"line":174,"column":21}},"57":{"start":{"line":183,"column":2},"end":{"line":208,"column":4}},"58":{"start":{"line":184,"column":4},"end":{"line":184,"column":37}},"59":{"start":{"line":185,"column":4},"end":{"line":185,"column":39}},"60":{"start":{"line":186,"column":4},"end":{"line":186,"column":32}},"61":{"start":{"line":187,"column":4},"end":{"line":207,"column":7}},"62":{"start":{"line":188,"column":6},"end":{"line":188,"column":34}},"63":{"start":{"line":188,"column":17},"end":{"line":188,"column":32}},"64":{"start":{"line":189,"column":6},"end":{"line":206,"column":7}},"65":{"start":{"line":190,"column":8},"end":{"line":190,"column":69}},"66":{"start":{"line":191,"column":8},"end":{"line":191,"column":29}},"67":{"start":{"line":194,"column":8},"end":{"line":194,"column":60}},"68":{"start":{"line":195,"column":8},"end":{"line":195,"column":36}},"69":{"start":{"line":196,"column":8},"end":{"line":205,"column":11}},"70":{"start":{"line":197,"column":10},"end":{"line":197,"column":38}},"71":{"start":{"line":197,"column":21},"end":{"line":197,"column":36}},"72":{"start":{"line":198,"column":10},"end":{"line":204,"column":11}},"73":{"start":{"line":199,"column":12},"end":{"line":199,"column":74}},"74":{"start":{"line":200,"column":12},"end":{"line":200,"column":35}},"75":{"start":{"line":203,"column":12},"end":{"line":203,"column":34}},"76":{"start":{"line":212,"column":2},"end":{"line":214,"column":4}},"77":{"start":{"line":213,"column":4},"end":{"line":213,"column":53}},"78":{"start":{"line":218,"column":2},"end":{"line":227,"column":4}},"79":{"start":{"line":219,"column":4},"end":{"line":226,"column":5}},"80":{"start":{"line":220,"column":6},"end":{"line":222,"column":9}},"81":{"start":{"line":221,"column":8},"end":{"line":221,"column":34}},"82":{"start":{"line":225,"column":6},"end":{"line":225,"column":19}},"83":{"start":{"line":231,"column":2},"end":{"line":231,"column":14}},"84":{"start":{"line":232,"column":2},"end":{"line":243,"column":4}}},"branchMap":{"1":{"line":51,"type":"if","locations":[{"start":{"line":51,"column":6},"end":{"line":51,"column":6}},{"start":{"line":51,"column":6},"end":{"line":51,"column":6}}]},"2":{"line":52,"type":"if","locations":[{"start":{"line":52,"column":6},"end":{"line":52,"column":6}},{"start":{"line":52,"column":6},"end":{"line":52,"column":6}}]},"3":{"line":84,"type":"if","locations":[{"start":{"line":84,"column":6},"end":{"line":84,"column":6}},{"start":{"line":84,"column":6},"end":{"line":84,"column":6}}]},"4":{"line":85,"type":"if","locations":[{"start":{"line":85,"column":6},"end":{"line":85,"column":6}},{"start":{"line":85,"column":6},"end":{"line":85,"column":6}}]},"5":{"line":102,"type":"if","locations":[{"start":{"line":102,"column":6},"end":{"line":102,"column":6}},{"start":{"line":102,"column":6},"end":{"line":102,"column":6}}]},"6":{"line":113,"type":"if","locations":[{"start":{"line":113,"column":4},"end":{"line":113,"column":4}},{"start":{"line":113,"column":4},"end":{"line":113,"column":4}}]},"7":{"line":119,"type":"if","locations":[{"start":{"line":119,"column":8},"end":{"line":119,"column":8}},{"start":{"line":119,"column":8},"end":{"line":119,"column":8}}]},"8":{"line":134,"type":"if","locations":[{"start":{"line":134,"column":6},"end":{"line":134,"column":6}},{"start":{"line":134,"column":6},"end":{"line":134,"column":6}}]},"9":{"line":173,"type":"if","locations":[{"start":{"line":173,"column":6},"end":{"line":173,"column":6}},{"start":{"line":173,"column":6},"end":{"line":173,"column":6}}]},"10":{"line":188,"type":"if","locations":[{"start":{"line":188,"column":6},"end":{"line":188,"column":6}},{"start":{"line":188,"column":6},"end":{"line":188,"column":6}}]},"11":{"line":189,"type":"if","locations":[{"start":{"line":189,"column":6},"end":{"line":189,"column":6}},{"start":{"line":189,"column":6},"end":{"line":189,"column":6}}]},"12":{"line":197,"type":"if","locations":[{"start":{"line":197,"column":10},"end":{"line":197,"column":10}},{"start":{"line":197,"column":10},"end":{"line":197,"column":10}}]},"13":{"line":198,"type":"if","locations":[{"start":{"line":198,"column":10},"end":{"line":198,"column":10}},{"start":{"line":198,"column":10},"end":{"line":198,"column":10}}]},"14":{"line":219,"type":"if","locations":[{"start":{"line":219,"column":4},"end":{"line":219,"column":4}},{"start":{"line":219,"column":4},"end":{"line":219,"column":4}}]}}},"/home/vagrant/nfd/nfd-kernel/lib/db/db.js":{"path":"/home/vagrant/nfd/nfd-kernel/lib/db/db.js","s":{"1":1,"2":1,"3":1,"4":1,"5":1,"6":1,"7":1,"8":1,"9":2,"10":2,"11":2,"12":2,"13":2,"14":2,"15":1,"16":1,"17":1,"18":1,"19":83,"20":1,"21":1,"22":1,"23":1,"24":1,"25":1,"26":1,"27":0,"28":1,"29":0,"30":0,"31":1,"32":1,"33":1,"34":1,"35":1,"36":0,"37":0,"38":1,"39":0,"40":0,"41":0,"42":0,"43":0,"44":0,"45":0,"46":0,"47":0,"48":1,"49":0,"50":0,"51":0,"52":0,"53":0,"54":0,"55":0,"56":0,"57":0,"58":0,"59":0,"60":0,"61":0,"62":0,"63":1,"64":0,"65":0,"66":0,"67":0,"68":0,"69":0,"70":0,"71":0,"72":0,"73":0,"74":0,"75":0,"76":0,"77":0,"78":1,"79":0,"80":0,"81":0,"82":0,"83":0,"84":0,"85":0,"86":0,"87":0,"88":0,"89":0,"90":0,"91":0,"92":0,"93":0,"94":0,"95":0,"96":1,"97":0,"98":0,"99":0,"100":0,"101":0,"102":0,"103":0,"104":0,"105":0,"106":0,"107":0,"108":0,"109":0,"110":1,"111":1,"112":1,"113":1},"b":{"1":[0,1],"2":[0,1],"3":[0,0],"4":[0,0],"5":[0,0],"6":[0,0],"7":[0,0],"8":[0,0],"9":[0,0],"10":[0,0],"11":[0,0],"12":[0,0],"13":[0,0],"14":[0,0],"15":[0,0],"16":[0,0],"17":[0,0],"18":[0,0],"19":[0,0],"20":[0,0],"21":[0,0],"22":[0,0],"23":[0,0],"24":[0,0]},"f":{"1":1,"2":2,"3":2,"4":1,"5":1,"6":83,"7":1,"8":1,"9":1,"10":1,"11":0,"12":1,"13":0,"14":0,"15":0,"16":0,"17":0,"18":0,"19":0,"20":0,"21":0,"22":0,"23":0,"24":0,"25":0,"26":0,"27":0,"28":0,"29":0,"30":0,"31":0,"32":0,"33":1},"fnMap":{"1":{"name":"(anonymous_1)","line":33,"loc":{"start":{"line":33,"column":17},"end":{"line":33,"column":35}}},"2":{"name":"(anonymous_2)","line":41,"loc":{"start":{"line":41,"column":21},"end":{"line":41,"column":51}}},"3":{"name":"(anonymous_3)","line":46,"loc":{"start":{"line":46,"column":26},"end":{"line":46,"column":40}}},"4":{"name":"(anonymous_4)","line":56,"loc":{"start":{"line":56,"column":20},"end":{"line":56,"column":33}}},"5":{"name":"(anonymous_5)","line":57,"loc":{"start":{"line":57,"column":25},"end":{"line":57,"column":45}}},"6":{"name":"(anonymous_6)","line":59,"loc":{"start":{"line":59,"column":19},"end":{"line":59,"column":36}}},"7":{"name":"(anonymous_7)","line":71,"loc":{"start":{"line":71,"column":19},"end":{"line":71,"column":36}}},"8":{"name":"(anonymous_8)","line":72,"loc":{"start":{"line":72,"column":33},"end":{"line":72,"column":53}}},"9":{"name":"(anonymous_9)","line":82,"loc":{"start":{"line":82,"column":19},"end":{"line":82,"column":37}}},"10":{"name":"(anonymous_10)","line":83,"loc":{"start":{"line":83,"column":37},"end":{"line":83,"column":57}}},"11":{"name":"(anonymous_11)","line":86,"loc":{"start":{"line":86,"column":30},"end":{"line":86,"column":44}}},"12":{"name":"(anonymous_12)","line":93,"loc":{"start":{"line":93,"column":30},"end":{"line":93,"column":44}}},"13":{"name":"(anonymous_13)","line":102,"loc":{"start":{"line":102,"column":21},"end":{"line":102,"column":44}}},"14":{"name":"(anonymous_14)","line":103,"loc":{"start":{"line":103,"column":41},"end":{"line":103,"column":55}}},"15":{"name":"(anonymous_15)","line":113,"loc":{"start":{"line":113,"column":21},"end":{"line":113,"column":55}}},"16":{"name":"(anonymous_16)","line":117,"loc":{"start":{"line":117,"column":39},"end":{"line":117,"column":59}}},"17":{"name":"(anonymous_17)","line":121,"loc":{"start":{"line":121,"column":28},"end":{"line":121,"column":42}}},"18":{"name":"(anonymous_18)","line":133,"loc":{"start":{"line":133,"column":21},"end":{"line":133,"column":55}}},"19":{"name":"(anonymous_19)","line":137,"loc":{"start":{"line":137,"column":39},"end":{"line":137,"column":59}}},"20":{"name":"(anonymous_20)","line":140,"loc":{"start":{"line":140,"column":45},"end":{"line":140,"column":60}}},"21":{"name":"(anonymous_21)","line":149,"loc":{"start":{"line":149,"column":28},"end":{"line":149,"column":42}}},"22":{"name":"(anonymous_22)","line":158,"loc":{"start":{"line":158,"column":24},"end":{"line":158,"column":60}}},"23":{"name":"(anonymous_23)","line":162,"loc":{"start":{"line":162,"column":39},"end":{"line":162,"column":59}}},"24":{"name":"(anonymous_24)","line":165,"loc":{"start":{"line":165,"column":45},"end":{"line":165,"column":60}}},"25":{"name":"(anonymous_25)","line":174,"loc":{"start":{"line":174,"column":28},"end":{"line":174,"column":42}}},"26":{"name":"(anonymous_26)","line":186,"loc":{"start":{"line":186,"column":19},"end":{"line":186,"column":44}}},"27":{"name":"(anonymous_27)","line":187,"loc":{"start":{"line":187,"column":39},"end":{"line":187,"column":59}}},"28":{"name":"(anonymous_28)","line":194,"loc":{"start":{"line":194,"column":35},"end":{"line":194,"column":55}}},"29":{"name":"(anonymous_29)","line":200,"loc":{"start":{"line":200,"column":49},"end":{"line":200,"column":69}}},"30":{"name":"(anonymous_30)","line":221,"loc":{"start":{"line":221,"column":22},"end":{"line":221,"column":57}}},"31":{"name":"(anonymous_31)","line":224,"loc":{"start":{"line":224,"column":39},"end":{"line":224,"column":59}}},"32":{"name":"(anonymous_32)","line":227,"loc":{"start":{"line":227,"column":45},"end":{"line":227,"column":60}}},"33":{"name":"(anonymous_33)","line":248,"loc":{"start":{"line":248,"column":18},"end":{"line":248,"column":29}}}},"statementMap":{"1":{"start":{"line":17,"column":0},"end":{"line":17,"column":30}},"2":{"start":{"line":18,"column":0},"end":{"line":18,"column":33}},"3":{"start":{"line":19,"column":0},"end":{"line":19,"column":30}},"4":{"start":{"line":20,"column":0},"end":{"line":20,"column":27}},"5":{"start":{"line":21,"column":0},"end":{"line":25,"column":45}},"6":{"start":{"line":33,"column":0},"end":{"line":268,"column":2}},"7":{"start":{"line":34,"column":2},"end":{"line":34,"column":10}},"8":{"start":{"line":41,"column":2},"end":{"line":49,"column":4}},"9":{"start":{"line":42,"column":4},"end":{"line":42,"column":34}},"10":{"start":{"line":43,"column":4},"end":{"line":43,"column":20}},"11":{"start":{"line":44,"column":4},"end":{"line":44,"column":30}},"12":{"start":{"line":45,"column":4},"end":{"line":45,"column":23}},"13":{"start":{"line":46,"column":4},"end":{"line":48,"column":7}},"14":{"start":{"line":47,"column":6},"end":{"line":47,"column":19}},"15":{"start":{"line":56,"column":2},"end":{"line":64,"column":4}},"16":{"start":{"line":57,"column":4},"end":{"line":63,"column":7}},"17":{"start":{"line":58,"column":6},"end":{"line":58,"column":22}},"18":{"start":{"line":59,"column":6},"end":{"line":61,"column":9}},"19":{"start":{"line":60,"column":8},"end":{"line":60,"column":56}},"20":{"start":{"line":62,"column":6},"end":{"line":62,"column":22}},"21":{"start":{"line":71,"column":2},"end":{"line":75,"column":4}},"22":{"start":{"line":72,"column":4},"end":{"line":74,"column":7}},"23":{"start":{"line":73,"column":6},"end":{"line":73,"column":23}},"24":{"start":{"line":82,"column":2},"end":{"line":98,"column":4}},"25":{"start":{"line":83,"column":4},"end":{"line":97,"column":7}},"26":{"start":{"line":84,"column":6},"end":{"line":84,"column":34}},"27":{"start":{"line":84,"column":17},"end":{"line":84,"column":32}},"28":{"start":{"line":85,"column":6},"end":{"line":96,"column":7}},"29":{"start":{"line":86,"column":8},"end":{"line":88,"column":11}},"30":{"start":{"line":87,"column":10},"end":{"line":87,"column":18}},"31":{"start":{"line":91,"column":8},"end":{"line":91,"column":25}},"32":{"start":{"line":92,"column":8},"end":{"line":92,"column":30}},"33":{"start":{"line":93,"column":8},"end":{"line":95,"column":11}},"34":{"start":{"line":94,"column":10},"end":{"line":94,"column":18}},"35":{"start":{"line":102,"column":2},"end":{"line":106,"column":4}},"36":{"start":{"line":103,"column":4},"end":{"line":105,"column":7}},"37":{"start":{"line":104,"column":6},"end":{"line":104,"column":14}},"38":{"start":{"line":113,"column":2},"end":{"line":126,"column":4}},"39":{"start":{"line":114,"column":4},"end":{"line":116,"column":5}},"40":{"start":{"line":115,"column":6},"end":{"line":115,"column":31}},"41":{"start":{"line":117,"column":4},"end":{"line":125,"column":7}},"42":{"start":{"line":118,"column":6},"end":{"line":118,"column":34}},"43":{"start":{"line":118,"column":17},"end":{"line":118,"column":32}},"44":{"start":{"line":119,"column":6},"end":{"line":124,"column":7}},"45":{"start":{"line":120,"column":8},"end":{"line":120,"column":53}},"46":{"start":{"line":121,"column":8},"end":{"line":123,"column":11}},"47":{"start":{"line":122,"column":10},"end":{"line":122,"column":27}},"48":{"start":{"line":133,"column":2},"end":{"line":154,"column":4}},"49":{"start":{"line":134,"column":4},"end":{"line":134,"column":16}},"50":{"start":{"line":135,"column":4},"end":{"line":135,"column":22}},"51":{"start":{"line":137,"column":4},"end":{"line":153,"column":7}},"52":{"start":{"line":138,"column":6},"end":{"line":138,"column":34}},"53":{"start":{"line":138,"column":17},"end":{"line":138,"column":32}},"54":{"start":{"line":139,"column":6},"end":{"line":152,"column":7}},"55":{"start":{"line":140,"column":8},"end":{"line":145,"column":11}},"56":{"start":{"line":141,"column":10},"end":{"line":143,"column":11}},"57":{"start":{"line":142,"column":12},"end":{"line":142,"column":27}},"58":{"start":{"line":144,"column":10},"end":{"line":144,"column":16}},"59":{"start":{"line":146,"column":8},"end":{"line":148,"column":9}},"60":{"start":{"line":147,"column":10},"end":{"line":147,"column":61}},"61":{"start":{"line":149,"column":8},"end":{"line":151,"column":11}},"62":{"start":{"line":150,"column":10},"end":{"line":150,"column":27}},"63":{"start":{"line":158,"column":2},"end":{"line":179,"column":4}},"64":{"start":{"line":159,"column":4},"end":{"line":159,"column":16}},"65":{"start":{"line":160,"column":4},"end":{"line":160,"column":22}},"66":{"start":{"line":162,"column":4},"end":{"line":178,"column":7}},"67":{"start":{"line":163,"column":6},"end":{"line":163,"column":34}},"68":{"start":{"line":163,"column":17},"end":{"line":163,"column":32}},"69":{"start":{"line":164,"column":6},"end":{"line":177,"column":7}},"70":{"start":{"line":165,"column":8},"end":{"line":170,"column":11}},"71":{"start":{"line":166,"column":10},"end":{"line":168,"column":11}},"72":{"start":{"line":167,"column":12},"end":{"line":167,"column":27}},"73":{"start":{"line":169,"column":10},"end":{"line":169,"column":16}},"74":{"start":{"line":171,"column":8},"end":{"line":173,"column":9}},"75":{"start":{"line":172,"column":10},"end":{"line":172,"column":59}},"76":{"start":{"line":174,"column":8},"end":{"line":176,"column":11}},"77":{"start":{"line":175,"column":10},"end":{"line":175,"column":27}},"78":{"start":{"line":186,"column":2},"end":{"line":213,"column":4}},"79":{"start":{"line":187,"column":4},"end":{"line":212,"column":7}},"80":{"start":{"line":188,"column":6},"end":{"line":188,"column":34}},"81":{"start":{"line":188,"column":17},"end":{"line":188,"column":32}},"82":{"start":{"line":189,"column":6},"end":{"line":211,"column":7}},"83":{"start":{"line":190,"column":8},"end":{"line":190,"column":29}},"84":{"start":{"line":193,"column":8},"end":{"line":193,"column":54}},"85":{"start":{"line":194,"column":8},"end":{"line":210,"column":11}},"86":{"start":{"line":195,"column":10},"end":{"line":195,"column":38}},"87":{"start":{"line":195,"column":21},"end":{"line":195,"column":36}},"88":{"start":{"line":196,"column":10},"end":{"line":209,"column":11}},"89":{"start":{"line":197,"column":12},"end":{"line":197,"column":33}},"90":{"start":{"line":200,"column":12},"end":{"line":208,"column":15}},"91":{"start":{"line":201,"column":14},"end":{"line":201,"column":42}},"92":{"start":{"line":201,"column":25},"end":{"line":201,"column":40}},"93":{"start":{"line":202,"column":14},"end":{"line":207,"column":15}},"94":{"start":{"line":203,"column":16},"end":{"line":203,"column":37}},"95":{"start":{"line":206,"column":16},"end":{"line":206,"column":38}},"96":{"start":{"line":221,"column":2},"end":{"line":241,"column":4}},"97":{"start":{"line":222,"column":4},"end":{"line":222,"column":27}},"98":{"start":{"line":224,"column":4},"end":{"line":240,"column":7}},"99":{"start":{"line":225,"column":6},"end":{"line":225,"column":34}},"100":{"start":{"line":225,"column":17},"end":{"line":225,"column":32}},"101":{"start":{"line":226,"column":6},"end":{"line":239,"column":7}},"102":{"start":{"line":227,"column":8},"end":{"line":237,"column":11}},"103":{"start":{"line":228,"column":10},"end":{"line":236,"column":11}},"104":{"start":{"line":229,"column":12},"end":{"line":229,"column":34}},"105":{"start":{"line":231,"column":15},"end":{"line":236,"column":11}},"106":{"start":{"line":232,"column":12},"end":{"line":232,"column":34}},"107":{"start":{"line":234,"column":15},"end":{"line":236,"column":11}},"108":{"start":{"line":235,"column":12},"end":{"line":235,"column":34}},"109":{"start":{"line":238,"column":8},"end":{"line":238,"column":30}},"110":{"start":{"line":248,"column":2},"end":{"line":250,"column":4}},"111":{"start":{"line":249,"column":4},"end":{"line":249,"column":53}},"112":{"start":{"line":254,"column":2},"end":{"line":254,"column":14}},"113":{"start":{"line":255,"column":2},"end":{"line":267,"column":4}}},"branchMap":{"1":{"line":84,"type":"if","locations":[{"start":{"line":84,"column":6},"end":{"line":84,"column":6}},{"start":{"line":84,"column":6},"end":{"line":84,"column":6}}]},"2":{"line":85,"type":"if","locations":[{"start":{"line":85,"column":6},"end":{"line":85,"column":6}},{"start":{"line":85,"column":6},"end":{"line":85,"column":6}}]},"3":{"line":114,"type":"if","locations":[{"start":{"line":114,"column":4},"end":{"line":114,"column":4}},{"start":{"line":114,"column":4},"end":{"line":114,"column":4}}]},"4":{"line":118,"type":"if","locations":[{"start":{"line":118,"column":6},"end":{"line":118,"column":6}},{"start":{"line":118,"column":6},"end":{"line":118,"column":6}}]},"5":{"line":119,"type":"if","locations":[{"start":{"line":119,"column":6},"end":{"line":119,"column":6}},{"start":{"line":119,"column":6},"end":{"line":119,"column":6}}]},"6":{"line":138,"type":"if","locations":[{"start":{"line":138,"column":6},"end":{"line":138,"column":6}},{"start":{"line":138,"column":6},"end":{"line":138,"column":6}}]},"7":{"line":139,"type":"if","locations":[{"start":{"line":139,"column":6},"end":{"line":139,"column":6}},{"start":{"line":139,"column":6},"end":{"line":139,"column":6}}]},"8":{"line":141,"type":"if","locations":[{"start":{"line":141,"column":10},"end":{"line":141,"column":10}},{"start":{"line":141,"column":10},"end":{"line":141,"column":10}}]},"9":{"line":146,"type":"if","locations":[{"start":{"line":146,"column":8},"end":{"line":146,"column":8}},{"start":{"line":146,"column":8},"end":{"line":146,"column":8}}]},"10":{"line":163,"type":"if","locations":[{"start":{"line":163,"column":6},"end":{"line":163,"column":6}},{"start":{"line":163,"column":6},"end":{"line":163,"column":6}}]},"11":{"line":164,"type":"if","locations":[{"start":{"line":164,"column":6},"end":{"line":164,"column":6}},{"start":{"line":164,"column":6},"end":{"line":164,"column":6}}]},"12":{"line":166,"type":"if","locations":[{"start":{"line":166,"column":10},"end":{"line":166,"column":10}},{"start":{"line":166,"column":10},"end":{"line":166,"column":10}}]},"13":{"line":171,"type":"if","locations":[{"start":{"line":171,"column":8},"end":{"line":171,"column":8}},{"start":{"line":171,"column":8},"end":{"line":171,"column":8}}]},"14":{"line":188,"type":"if","locations":[{"start":{"line":188,"column":6},"end":{"line":188,"column":6}},{"start":{"line":188,"column":6},"end":{"line":188,"column":6}}]},"15":{"line":189,"type":"if","locations":[{"start":{"line":189,"column":6},"end":{"line":189,"column":6}},{"start":{"line":189,"column":6},"end":{"line":189,"column":6}}]},"16":{"line":195,"type":"if","locations":[{"start":{"line":195,"column":10},"end":{"line":195,"column":10}},{"start":{"line":195,"column":10},"end":{"line":195,"column":10}}]},"17":{"line":196,"type":"if","locations":[{"start":{"line":196,"column":10},"end":{"line":196,"column":10}},{"start":{"line":196,"column":10},"end":{"line":196,"column":10}}]},"18":{"line":201,"type":"if","locations":[{"start":{"line":201,"column":14},"end":{"line":201,"column":14}},{"start":{"line":201,"column":14},"end":{"line":201,"column":14}}]},"19":{"line":202,"type":"if","locations":[{"start":{"line":202,"column":14},"end":{"line":202,"column":14}},{"start":{"line":202,"column":14},"end":{"line":202,"column":14}}]},"20":{"line":225,"type":"if","locations":[{"start":{"line":225,"column":6},"end":{"line":225,"column":6}},{"start":{"line":225,"column":6},"end":{"line":225,"column":6}}]},"21":{"line":226,"type":"if","locations":[{"start":{"line":226,"column":6},"end":{"line":226,"column":6}},{"start":{"line":226,"column":6},"end":{"line":226,"column":6}}]},"22":{"line":228,"type":"if","locations":[{"start":{"line":228,"column":10},"end":{"line":228,"column":10}},{"start":{"line":228,"column":10},"end":{"line":228,"column":10}}]},"23":{"line":231,"type":"if","locations":[{"start":{"line":231,"column":15},"end":{"line":231,"column":15}},{"start":{"line":231,"column":15},"end":{"line":231,"column":15}}]},"24":{"line":234,"type":"if","locations":[{"start":{"line":234,"column":15},"end":{"line":234,"column":15}},{"start":{"line":234,"column":15},"end":{"line":234,"column":15}}]}}},"/home/vagrant/nfd/nfd-kernel/lib/topology/deploy/semver.js":{"path":"/home/vagrant/nfd/nfd-kernel/lib/topology/deploy/semver.js","s":{"1":1,"2":1,"3":1,"4":1,"5":3,"6":12,"7":3,"8":3,"9":3,"10":3,"11":3,"12":3,"13":1,"14":1,"15":1,"16":3,"17":1,"18":1,"19":1,"20":1,"21":1,"22":6,"23":4,"24":1,"25":1,"26":3,"27":0,"28":1,"29":1},"b":{"1":[4,2],"2":[1,3],"3":[0,3]},"f":{"1":1,"2":3,"3":12,"4":1,"5":3,"6":1,"7":6,"8":3},"fnMap":{"1":{"name":"(anonymous_1)","line":25,"loc":{"start":{"line":25,"column":17},"end":{"line":25,"column":28}}},"2":{"name":"(anonymous_2)","line":29,"loc":{"start":{"line":29,"column":17},"end":{"line":29,"column":66}}},"3":{"name":"(anonymous_3)","line":30,"loc":{"start":{"line":30,"column":56},"end":{"line":30,"column":70}}},"4":{"name":"(anonymous_4)","line":43,"loc":{"start":{"line":43,"column":18},"end":{"line":43,"column":41}}},"5":{"name":"(anonymous_5)","line":45,"loc":{"start":{"line":45,"column":30},"end":{"line":45,"column":49}}},"6":{"name":"(anonymous_6)","line":57,"loc":{"start":{"line":57,"column":14},"end":{"line":57,"column":31}}},"7":{"name":"(anonymous_7)","line":60,"loc":{"start":{"line":60,"column":40},"end":{"line":60,"column":55}}},"8":{"name":"(anonymous_8)","line":66,"loc":{"start":{"line":66,"column":20},"end":{"line":66,"column":32}}}},"statementMap":{"1":{"start":{"line":17,"column":0},"end":{"line":17,"column":30}},"2":{"start":{"line":18,"column":0},"end":{"line":18,"column":31}},"3":{"start":{"line":25,"column":0},"end":{"line":79,"column":2}},"4":{"start":{"line":29,"column":2},"end":{"line":39,"column":4}},"5":{"start":{"line":30,"column":4},"end":{"line":30,"column":110}},"6":{"start":{"line":30,"column":72},"end":{"line":30,"column":106}},"7":{"start":{"line":32,"column":4},"end":{"line":32,"column":46}},"8":{"start":{"line":33,"column":4},"end":{"line":33,"column":31}},"9":{"start":{"line":34,"column":4},"end":{"line":34,"column":35}},"10":{"start":{"line":35,"column":4},"end":{"line":35,"column":27}},"11":{"start":{"line":36,"column":4},"end":{"line":36,"column":46}},"12":{"start":{"line":38,"column":4},"end":{"line":38,"column":136}},"13":{"start":{"line":43,"column":2},"end":{"line":49,"column":4}},"14":{"start":{"line":44,"column":4},"end":{"line":44,"column":21}},"15":{"start":{"line":45,"column":4},"end":{"line":47,"column":7}},"16":{"start":{"line":46,"column":6},"end":{"line":46,"column":52}},"17":{"start":{"line":48,"column":4},"end":{"line":48,"column":18}},"18":{"start":{"line":57,"column":2},"end":{"line":72,"column":4}},"19":{"start":{"line":58,"column":4},"end":{"line":58,"column":21}},"20":{"start":{"line":59,"column":4},"end":{"line":59,"column":20}},"21":{"start":{"line":60,"column":4},"end":{"line":65,"column":7}},"22":{"start":{"line":60,"column":57},"end":{"line":64,"column":7}},"23":{"start":{"line":61,"column":8},"end":{"line":63,"column":9}},"24":{"start":{"line":62,"column":10},"end":{"line":62,"column":60}},"25":{"start":{"line":66,"column":4},"end":{"line":70,"column":7}},"26":{"start":{"line":67,"column":6},"end":{"line":69,"column":7}},"27":{"start":{"line":68,"column":8},"end":{"line":68,"column":21}},"28":{"start":{"line":71,"column":4},"end":{"line":71,"column":43}},"29":{"start":{"line":76,"column":2},"end":{"line":78,"column":4}}},"branchMap":{"1":{"line":60,"type":"if","locations":[{"start":{"line":60,"column":57},"end":{"line":60,"column":57}},{"start":{"line":60,"column":57},"end":{"line":60,"column":57}}]},"2":{"line":61,"type":"if","locations":[{"start":{"line":61,"column":8},"end":{"line":61,"column":8}},{"start":{"line":61,"column":8},"end":{"line":61,"column":8}}]},"3":{"line":67,"type":"if","locations":[{"start":{"line":67,"column":6},"end":{"line":67,"column":6}},{"start":{"line":67,"column":6},"end":{"line":67,"column":6}}]}}},"/home/vagrant/nfd/nfd-kernel/lib/topology/topology.js":{"path":"/home/vagrant/nfd/nfd-kernel/lib/topology/topology.js","s":{"1":1,"2":1,"3":1,"4":1,"5":1,"6":0,"7":0,"8":0,"9":0,"10":0,"11":0,"12":0,"13":0,"14":0,"15":0,"16":0,"17":0,"18":0,"19":1,"20":1,"21":1,"22":1,"23":1,"24":0,"25":0,"26":0,"27":0,"28":0,"29":0,"30":0,"31":0,"32":0,"33":0,"34":1,"35":0,"36":0,"37":0,"38":1,"39":1},"b":{"1":[0,0],"2":[0,0],"3":[0,0]},"f":{"1":1,"2":1,"3":0,"4":0,"5":0,"6":0,"7":0,"8":1,"9":0,"10":0,"11":0,"12":0},"fnMap":{"1":{"name":"(anonymous_1)","line":32,"loc":{"start":{"line":32,"column":17},"end":{"line":32,"column":28}}},"2":{"name":"(anonymous_2)","line":37,"loc":{"start":{"line":37,"column":13},"end":{"line":37,"column":28}}},"3":{"name":"(anonymous_3)","line":38,"loc":{"start":{"line":38,"column":28},"end":{"line":38,"column":48}}},"4":{"name":"(anonymous_4)","line":53,"loc":{"start":{"line":53,"column":33},"end":{"line":53,"column":47}}},"5":{"name":"(anonymous_5)","line":67,"loc":{"start":{"line":67,"column":13},"end":{"line":67,"column":24}}},"6":{"name":"(anonymous_6)","line":72,"loc":{"start":{"line":72,"column":16},"end":{"line":72,"column":27}}},"7":{"name":"(anonymous_7)","line":77,"loc":{"start":{"line":77,"column":15},"end":{"line":77,"column":26}}},"8":{"name":"(anonymous_8)","line":82,"loc":{"start":{"line":82,"column":18},"end":{"line":82,"column":29}}},"9":{"name":"(anonymous_9)","line":87,"loc":{"start":{"line":87,"column":28},"end":{"line":87,"column":55}}},"10":{"name":"(anonymous_10)","line":98,"loc":{"start":{"line":98,"column":26},"end":{"line":98,"column":44}}},"11":{"name":"(anonymous_11)","line":105,"loc":{"start":{"line":105,"column":21},"end":{"line":105,"column":35}}},"12":{"name":"(anonymous_12)","line":106,"loc":{"start":{"line":106,"column":33},"end":{"line":106,"column":45}}}},"statementMap":{"1":{"start":{"line":25,"column":0},"end":{"line":25,"column":30}},"2":{"start":{"line":32,"column":0},"end":{"line":120,"column":2}},"3":{"start":{"line":33,"column":2},"end":{"line":33,"column":16}},"4":{"start":{"line":37,"column":2},"end":{"line":63,"column":4}},"5":{"start":{"line":38,"column":4},"end":{"line":60,"column":7}},"6":{"start":{"line":40,"column":6},"end":{"line":40,"column":82}},"7":{"start":{"line":41,"column":6},"end":{"line":50,"column":7}},"8":{"start":{"line":46,"column":8},"end":{"line":46,"column":69}},"9":{"start":{"line":47,"column":8},"end":{"line":49,"column":9}},"10":{"start":{"line":48,"column":10},"end":{"line":48,"column":46}},"11":{"start":{"line":52,"column":6},"end":{"line":52,"column":24}},"12":{"start":{"line":53,"column":6},"end":{"line":58,"column":9}},"13":{"start":{"line":54,"column":8},"end":{"line":54,"column":45}},"14":{"start":{"line":55,"column":8},"end":{"line":57,"column":9}},"15":{"start":{"line":56,"column":10},"end":{"line":56,"column":32}},"16":{"start":{"line":59,"column":6},"end":{"line":59,"column":36}},"17":{"start":{"line":61,"column":4},"end":{"line":61,"column":32}},"18":{"start":{"line":62,"column":4},"end":{"line":62,"column":21}},"19":{"start":{"line":67,"column":2},"end":{"line":68,"column":4}},"20":{"start":{"line":72,"column":2},"end":{"line":73,"column":4}},"21":{"start":{"line":77,"column":2},"end":{"line":78,"column":4}},"22":{"start":{"line":82,"column":2},"end":{"line":83,"column":4}},"23":{"start":{"line":87,"column":2},"end":{"line":101,"column":4}},"24":{"start":{"line":88,"column":4},"end":{"line":88,"column":17}},"25":{"start":{"line":89,"column":4},"end":{"line":89,"column":12}},"26":{"start":{"line":91,"column":4},"end":{"line":93,"column":5}},"27":{"start":{"line":92,"column":6},"end":{"line":92,"column":24}},"28":{"start":{"line":94,"column":4},"end":{"line":94,"column":33}},"29":{"start":{"line":95,"column":4},"end":{"line":95,"column":33}},"30":{"start":{"line":96,"column":4},"end":{"line":96,"column":41}},"31":{"start":{"line":97,"column":4},"end":{"line":97,"column":20}},"32":{"start":{"line":98,"column":4},"end":{"line":100,"column":7}},"33":{"start":{"line":99,"column":6},"end":{"line":99,"column":51}},"34":{"start":{"line":105,"column":2},"end":{"line":108,"column":4}},"35":{"start":{"line":106,"column":4},"end":{"line":106,"column":81}},"36":{"start":{"line":106,"column":47},"end":{"line":106,"column":77}},"37":{"start":{"line":107,"column":4},"end":{"line":107,"column":38}},"38":{"start":{"line":112,"column":2},"end":{"line":112,"column":14}},"39":{"start":{"line":113,"column":2},"end":{"line":119,"column":4}}},"branchMap":{"1":{"line":41,"type":"if","locations":[{"start":{"line":41,"column":6},"end":{"line":41,"column":6}},{"start":{"line":41,"column":6},"end":{"line":41,"column":6}}]},"2":{"line":47,"type":"if","locations":[{"start":{"line":47,"column":8},"end":{"line":47,"column":8}},{"start":{"line":47,"column":8},"end":{"line":47,"column":8}}]},"3":{"line":55,"type":"if","locations":[{"start":{"line":55,"column":8},"end":{"line":55,"column":8}},{"start":{"line":55,"column":8},"end":{"line":55,"column":8}}]}}}}