TN:
SF:/home/vagrant/nfd/nfd-kernel/lib/topology/deploy/executor/aws/amiExecutor.js
FN:44,(anonymous_1)
FN:48,(anonymous_2)
FN:54,(anonymous_3)
FN:74,(anonymous_4)
FN:76,(anonymous_5)
FN:79,(anonymous_6)
FN:89,(anonymous_7)
FN:95,(anonymous_8)
FN:101,(anonymous_9)
FN:107,(anonymous_10)
FN:113,(anonymous_11)
FNF:11
FNH:6
FNDA:1,(anonymous_1)
FNDA:1,(anonymous_2)
FNDA:1,(anonymous_3)
FNDA:1,(anonymous_4)
FNDA:0,(anonymous_5)
FNDA:0,(anonymous_6)
FNDA:1,(anonymous_7)
FNDA:0,(anonymous_8)
FNDA:0,(anonymous_9)
FNDA:0,(anonymous_10)
FNDA:1,(anonymous_11)
DA:17,1
DA:18,1
DA:44,1
DA:45,1
DA:48,1
DA:49,1
DA:54,1
DA:55,1
DA:56,1
DA:64,1
DA:65,0
DA:67,1
DA:68,0
DA:70,1
DA:71,0
DA:74,1
DA:75,1
DA:76,0
DA:77,0
DA:78,0
DA:79,0
DA:80,0
DA:82,0
DA:89,1
DA:90,1
DA:95,1
DA:96,0
DA:101,1
DA:102,0
DA:107,1
DA:108,0
DA:113,1
DA:114,1
DA:119,1
DA:120,1
LF:35
LH:23
BRDA:64,1,0,0
BRDA:64,1,1,1
BRDA:67,2,0,0
BRDA:67,2,1,1
BRDA:70,3,0,0
BRDA:70,3,1,1
BRDA:75,4,0,1
BRDA:75,4,1,0
BRF:8
BRH:4
end_of_record
TN:
SF:/home/vagrant/nfd/nfd-kernel/lib/container/root.js
FN:25,(anonymous_1)
FN:31,(anonymous_2)
FN:34,(anonymous_3)
FN:41,(anonymous_4)
FN:42,(anonymous_5)
FN:49,(anonymous_6)
FN:50,(anonymous_7)
FN:56,(anonymous_8)
FN:57,(anonymous_9)
FN:63,(anonymous_10)
FN:69,(anonymous_11)
FN:70,(anonymous_12)
FN:77,(anonymous_13)
FNF:13
FNH:7
FNDA:3,(anonymous_1)
FNDA:6,(anonymous_2)
FNDA:8,(anonymous_3)
FNDA:1,(anonymous_4)
FNDA:3,(anonymous_5)
FNDA:0,(anonymous_6)
FNDA:0,(anonymous_7)
FNDA:0,(anonymous_8)
FNDA:0,(anonymous_9)
FNDA:1,(anonymous_10)
FNDA:0,(anonymous_11)
FNDA:0,(anonymous_12)
FNDA:3,(anonymous_13)
DA:17,1
DA:18,1
DA:25,1
DA:26,3
DA:27,3
DA:31,3
DA:32,6
DA:33,2
DA:34,2
DA:35,8
DA:41,3
DA:42,3
DA:43,1
DA:44,1
DA:49,3
DA:50,0
DA:51,0
DA:56,3
DA:57,0
DA:58,0
DA:63,3
DA:64,1
DA:69,3
DA:70,0
DA:71,0
DA:77,3
DA:82,3
DA:83,3
LF:28
LH:22
BRF:0
BRH:0
end_of_record
TN:
SF:/home/vagrant/nfd/nfd-kernel/lib/container/container.js
FN:24,(anonymous_1)
FN:33,(anonymous_2)
FN:43,(anonymous_3)
FNF:3
FNH:2
FNDA:8,(anonymous_1)
FNDA:0,(anonymous_2)
FNDA:8,(anonymous_3)
DA:17,1
DA:24,1
DA:25,8
DA:26,8
DA:27,8
DA:28,8
DA:29,8
DA:33,8
DA:34,0
DA:43,8
DA:49,8
DA:50,8
LF:12
LH:11
BRF:0
BRH:0
end_of_record
TN:
SF:/home/vagrant/nfd/nfd-kernel/lib/container/build/builder.js
FN:27,(anonymous_1)
FN:33,(anonymous_2)
FN:54,(anonymous_3)
FN:62,(anonymous_4)
FN:65,(anonymous_5)
FN:76,(anonymous_6)
FNF:6
FNH:6
FNDA:1,(anonymous_1)
FNDA:1,(anonymous_2)
FNDA:1,(anonymous_3)
FNDA:1,(anonymous_4)
FNDA:1,(anonymous_5)
FNDA:1,(anonymous_6)
DA:17,1
DA:18,1
DA:19,1
DA:20,1
DA:27,1
DA:28,1
DA:29,1
DA:33,1
DA:34,1
DA:36,1
DA:37,1
DA:38,1
DA:43,1
DA:54,1
DA:56,1
DA:57,1
DA:59,1
DA:60,1
DA:61,1
DA:62,1
DA:64,1
DA:65,1
DA:67,1
DA:68,1
DA:69,1
DA:76,1
DA:77,1
DA:84,1
DA:85,1
LF:29
LH:29
BRF:0
BRH:0
end_of_record
TN:
SF:/home/vagrant/nfd/nfd-kernel/lib/util/executor.js
FN:46,(anonymous_1)
FN:50,(anonymous_2)
FN:58,(anonymous_3)
FN:62,(anonymous_4)
FNF:4
FNH:4
FNDA:3,(anonymous_1)
FNDA:17,(anonymous_2)
FNDA:1,(anonymous_3)
FNDA:3,(anonymous_4)
DA:17,1
DA:46,1
DA:47,3
DA:48,3
DA:50,3
DA:51,17
DA:52,0
DA:53,0
DA:55,17
DA:58,3
DA:59,1
DA:62,3
DA:63,3
DA:64,0
DA:66,3
LF:15
LH:12
BRDA:51,1,0,0
BRDA:51,1,1,17
BRDA:63,2,0,0
BRDA:63,2,1,3
BRF:4
BRH:2
end_of_record
TN:
SF:/home/vagrant/nfd/nfd-kernel/lib/util/paths.js
FN:17,(anonymous_1)
FN:26,(anonymous_2)
FNF:2
FNH:2
FNDA:2,(anonymous_1)
FNDA:1,(anonymous_2)
DA:17,1
DA:18,2
DA:19,2
DA:20,2
DA:21,2
DA:26,1
DA:27,1
DA:28,1
LF:8
LH:8
BRF:0
BRH:0
end_of_record
TN:
SF:/home/vagrant/nfd/nfd-kernel/lib/container/build/docker/dockerBuilder.js
FN:27,(anonymous_1)
FN:35,(anonymous_2)
FN:52,(anonymous_3)
FN:55,(anonymous_4)
FN:63,(anonymous_5)
FN:65,(anonymous_6)
FN:66,(anonymous_7)
FN:83,(anonymous_8)
FNF:8
FNH:8
FNDA:1,(anonymous_1)
FNDA:1,(anonymous_2)
FNDA:1,(anonymous_3)
FNDA:1,(anonymous_4)
FNDA:1,(anonymous_5)
FNDA:1,(anonymous_6)
FNDA:1,(anonymous_7)
FNDA:1,(anonymous_8)
DA:17,1
DA:18,1
DA:19,1
DA:20,1
DA:27,1
DA:28,1
DA:35,1
DA:36,1
DA:37,1
DA:38,1
DA:39,1
DA:40,1
DA:42,1
DA:43,1
DA:44,1
DA:45,1
DA:46,1
DA:47,1
DA:48,1
DA:49,1
DA:50,1
DA:52,1
DA:55,1
DA:56,1
DA:57,1
DA:58,1
DA:59,1
DA:60,1
DA:61,1
DA:62,1
DA:63,1
DA:65,1
DA:66,1
DA:67,1
DA:83,1
DA:84,1
DA:89,1
DA:90,1
LF:38
LH:38
BRF:0
BRH:0
end_of_record
TN:
SF:/home/vagrant/nfd/nfd-kernel/lib/util/docker.js
FN:26,(anonymous_1)
FN:33,(anonymous_2)
FN:35,(anonymous_3)
FN:36,(anonymous_4)
FN:37,(anonymous_5)
FNF:5
FNH:5
FNDA:2,(anonymous_1)
FNDA:2,(anonymous_2)
FNDA:2,(anonymous_3)
FNDA:13,(anonymous_4)
FNDA:21,(anonymous_5)
DA:17,1
DA:18,1
DA:19,1
DA:26,1
DA:27,2
DA:33,2
DA:34,2
DA:35,2
DA:36,2
DA:37,13
DA:39,21
DA:42,2
DA:48,2
LF:13
LH:13
BRF:0
BRH:0
end_of_record
TN:
SF:/home/vagrant/nfd/nfd-kernel/lib/util/consoleOut.js
FN:18,(anonymous_1)
FN:23,(anonymous_2)
FNF:2
FNH:2
FNDA:24,(anonymous_1)
FNDA:1,(anonymous_2)
DA:18,1
DA:19,24
DA:23,1
DA:24,1
LF:4
LH:4
BRF:0
BRH:0
end_of_record
TN:
SF:/home/vagrant/nfd/nfd-kernel/lib/commitlog/commitlog.js
FN:39,(anonymous_1)
FN:48,(anonymous_2)
FN:50,(anonymous_3)
FN:70,(anonymous_4)
FN:81,(anonymous_5)
FN:83,(anonymous_6)
FN:100,(anonymous_7)
FN:101,(anonymous_8)
FN:112,(anonymous_9)
FN:118,(anonymous_10)
FN:131,(anonymous_11)
FN:133,(anonymous_12)
FN:135,(anonymous_13)
FN:147,(anonymous_14)
FN:148,(anonymous_15)
FN:149,(anonymous_16)
FN:160,(anonymous_17)
FN:161,(anonymous_18)
FN:171,(anonymous_19)
FN:172,(anonymous_20)
FN:183,(anonymous_21)
FN:187,(anonymous_22)
FN:196,(anonymous_23)
FN:212,(anonymous_24)
FN:218,(anonymous_25)
FN:220,(anonymous_26)
FNF:26
FNH:25
FNDA:1,(anonymous_1)
FNDA:1,(anonymous_2)
FNDA:1,(anonymous_3)
FNDA:1,(anonymous_4)
FNDA:1,(anonymous_5)
FNDA:1,(anonymous_6)
FNDA:4,(anonymous_7)
FNDA:4,(anonymous_8)
FNDA:2,(anonymous_9)
FNDA:1,(anonymous_10)
FNDA:2,(anonymous_11)
FNDA:2,(anonymous_12)
FNDA:2,(anonymous_13)
FNDA:1,(anonymous_14)
FNDA:1,(anonymous_15)
FNDA:1,(anonymous_16)
FNDA:1,(anonymous_17)
FNDA:1,(anonymous_18)
FNDA:1,(anonymous_19)
FNDA:1,(anonymous_20)
FNDA:1,(anonymous_21)
FNDA:1,(anonymous_22)
FNDA:1,(anonymous_23)
FNDA:1,(anonymous_24)
FNDA:1,(anonymous_25)
FNDA:0,(anonymous_26)
DA:17,1
DA:18,1
DA:19,1
DA:39,1
DA:40,1
DA:48,1
DA:49,1
DA:50,1
DA:51,1
DA:52,1
DA:53,1
DA:62,0
DA:70,1
DA:71,1
DA:81,1
DA:82,1
DA:83,1
DA:84,1
DA:85,1
DA:86,1
DA:89,0
DA:91,1
DA:100,1
DA:101,4
DA:102,4
DA:103,4
DA:112,1
DA:113,2
DA:114,1
DA:117,1
DA:118,1
DA:119,1
DA:120,1
DA:131,1
DA:132,2
DA:133,2
DA:134,2
DA:135,2
DA:136,2
DA:147,1
DA:148,1
DA:149,1
DA:150,1
DA:160,1
DA:161,1
DA:162,1
DA:171,1
DA:172,1
DA:173,1
DA:174,1
DA:183,1
DA:184,1
DA:185,1
DA:186,1
DA:187,1
DA:188,1
DA:189,1
DA:190,0
DA:191,0
DA:194,1
DA:195,1
DA:196,1
DA:197,1
DA:198,1
DA:199,0
DA:200,0
DA:203,1
DA:212,1
DA:213,1
DA:218,1
DA:219,1
DA:220,0
DA:221,0
DA:225,1
DA:231,1
DA:232,1
LF:76
LH:68
BRDA:51,1,0,0
BRDA:51,1,1,1
BRDA:52,2,0,1
BRDA:52,2,1,0
BRDA:84,3,0,0
BRDA:84,3,1,1
BRDA:85,4,0,1
BRDA:85,4,1,0
BRDA:102,5,0,0
BRDA:102,5,1,4
BRDA:113,6,0,1
BRDA:113,6,1,1
BRDA:119,7,0,0
BRDA:119,7,1,1
BRDA:134,8,0,0
BRDA:134,8,1,2
BRDA:173,9,0,0
BRDA:173,9,1,1
BRDA:188,10,0,0
BRDA:188,10,1,1
BRDA:189,11,0,0
BRDA:189,11,1,1
BRDA:197,12,0,0
BRDA:197,12,1,1
BRDA:198,13,0,0
BRDA:198,13,1,1
BRDA:219,14,0,0
BRDA:219,14,1,1
BRF:28
BRH:15
end_of_record
TN:
SF:/home/vagrant/nfd/nfd-kernel/lib/db/db.js
FN:33,(anonymous_1)
FN:41,(anonymous_2)
FN:46,(anonymous_3)
FN:56,(anonymous_4)
FN:57,(anonymous_5)
FN:59,(anonymous_6)
FN:71,(anonymous_7)
FN:72,(anonymous_8)
FN:82,(anonymous_9)
FN:83,(anonymous_10)
FN:86,(anonymous_11)
FN:93,(anonymous_12)
FN:102,(anonymous_13)
FN:103,(anonymous_14)
FN:113,(anonymous_15)
FN:117,(anonymous_16)
FN:121,(anonymous_17)
FN:133,(anonymous_18)
FN:137,(anonymous_19)
FN:140,(anonymous_20)
FN:149,(anonymous_21)
FN:158,(anonymous_22)
FN:162,(anonymous_23)
FN:165,(anonymous_24)
FN:174,(anonymous_25)
FN:186,(anonymous_26)
FN:187,(anonymous_27)
FN:194,(anonymous_28)
FN:200,(anonymous_29)
FN:221,(anonymous_30)
FN:224,(anonymous_31)
FN:227,(anonymous_32)
FN:248,(anonymous_33)
FNF:33
FNH:12
FNDA:1,(anonymous_1)
FNDA:2,(anonymous_2)
FNDA:2,(anonymous_3)
FNDA:1,(anonymous_4)
FNDA:1,(anonymous_5)
FNDA:83,(anonymous_6)
FNDA:1,(anonymous_7)
FNDA:1,(anonymous_8)
FNDA:1,(anonymous_9)
FNDA:1,(anonymous_10)
FNDA:0,(anonymous_11)
FNDA:1,(anonymous_12)
FNDA:0,(anonymous_13)
FNDA:0,(anonymous_14)
FNDA:0,(anonymous_15)
FNDA:0,(anonymous_16)
FNDA:0,(anonymous_17)
FNDA:0,(anonymous_18)
FNDA:0,(anonymous_19)
FNDA:0,(anonymous_20)
FNDA:0,(anonymous_21)
FNDA:0,(anonymous_22)
FNDA:0,(anonymous_23)
FNDA:0,(anonymous_24)
FNDA:0,(anonymous_25)
FNDA:0,(anonymous_26)
FNDA:0,(anonymous_27)
FNDA:0,(anonymous_28)
FNDA:0,(anonymous_29)
FNDA:0,(anonymous_30)
FNDA:0,(anonymous_31)
FNDA:0,(anonymous_32)
FNDA:1,(anonymous_33)
DA:17,1
DA:18,1
DA:19,1
DA:20,1
DA:21,1
DA:33,1
DA:34,1
DA:41,1
DA:42,2
DA:43,2
DA:44,2
DA:45,2
DA:46,2
DA:47,2
DA:56,1
DA:57,1
DA:58,1
DA:59,1
DA:60,83
DA:62,1
DA:71,1
DA:72,1
DA:73,1
DA:82,1
DA:83,1
DA:84,1
DA:85,1
DA:86,0
DA:87,0
DA:91,1
DA:92,1
DA:93,1
DA:94,1
DA:102,1
DA:103,0
DA:104,0
DA:113,1
DA:114,0
DA:115,0
DA:117,0
DA:118,0
DA:119,0
DA:120,0
DA:121,0
DA:122,0
DA:133,1
DA:134,0
DA:135,0
DA:137,0
DA:138,0
DA:139,0
DA:140,0
DA:141,0
DA:142,0
DA:144,0
DA:146,0
DA:147,0
DA:149,0
DA:150,0
DA:158,1
DA:159,0
DA:160,0
DA:162,0
DA:163,0
DA:164,0
DA:165,0
DA:166,0
DA:167,0
DA:169,0
DA:171,0
DA:172,0
DA:174,0
DA:175,0
DA:186,1
DA:187,0
DA:188,0
DA:189,0
DA:190,0
DA:193,0
DA:194,0
DA:195,0
DA:196,0
DA:197,0
DA:200,0
DA:201,0
DA:202,0
DA:203,0
DA:206,0
DA:221,1
DA:222,0
DA:224,0
DA:225,0
DA:226,0
DA:227,0
DA:228,0
DA:229,0
DA:231,0
DA:232,0
DA:234,0
DA:235,0
DA:238,0
DA:248,1
DA:249,1
DA:254,1
DA:255,1
LF:105
LH:41
BRDA:84,1,0,0
BRDA:84,1,1,1
BRDA:85,2,0,0
BRDA:85,2,1,1
BRDA:114,3,0,0
BRDA:114,3,1,0
BRDA:118,4,0,0
BRDA:118,4,1,0
BRDA:119,5,0,0
BRDA:119,5,1,0
BRDA:138,6,0,0
BRDA:138,6,1,0
BRDA:139,7,0,0
BRDA:139,7,1,0
BRDA:141,8,0,0
BRDA:141,8,1,0
BRDA:146,9,0,0
BRDA:146,9,1,0
BRDA:163,10,0,0
BRDA:163,10,1,0
BRDA:164,11,0,0
BRDA:164,11,1,0
BRDA:166,12,0,0
BRDA:166,12,1,0
BRDA:171,13,0,0
BRDA:171,13,1,0
BRDA:188,14,0,0
BRDA:188,14,1,0
BRDA:189,15,0,0
BRDA:189,15,1,0
BRDA:195,16,0,0
BRDA:195,16,1,0
BRDA:196,17,0,0
BRDA:196,17,1,0
BRDA:201,18,0,0
BRDA:201,18,1,0
BRDA:202,19,0,0
BRDA:202,19,1,0
BRDA:225,20,0,0
BRDA:225,20,1,0
BRDA:226,21,0,0
BRDA:226,21,1,0
BRDA:228,22,0,0
BRDA:228,22,1,0
BRDA:231,23,0,0
BRDA:231,23,1,0
BRDA:234,24,0,0
BRDA:234,24,1,0
BRF:48
BRH:2
end_of_record
TN:
SF:/home/vagrant/nfd/nfd-kernel/lib/topology/deploy/semver.js
FN:25,(anonymous_1)
FN:29,(anonymous_2)
FN:30,(anonymous_3)
FN:43,(anonymous_4)
FN:45,(anonymous_5)
FN:57,(anonymous_6)
FN:60,(anonymous_7)
FN:66,(anonymous_8)
FNF:8
FNH:8
FNDA:1,(anonymous_1)
FNDA:3,(anonymous_2)
FNDA:12,(anonymous_3)
FNDA:1,(anonymous_4)
FNDA:3,(anonymous_5)
FNDA:1,(anonymous_6)
FNDA:6,(anonymous_7)
FNDA:3,(anonymous_8)
DA:17,1
DA:18,1
DA:25,1
DA:29,1
DA:30,12
DA:32,3
DA:33,3
DA:34,3
DA:35,3
DA:36,3
DA:38,3
DA:43,1
DA:44,1
DA:45,1
DA:46,3
DA:48,1
DA:57,1
DA:58,1
DA:59,1
DA:60,6
DA:61,4
DA:62,1
DA:66,1
DA:67,3
DA:68,0
DA:71,1
DA:76,1
LF:27
LH:26
BRDA:60,1,0,4
BRDA:60,1,1,2
BRDA:61,2,0,1
BRDA:61,2,1,3
BRDA:67,3,0,0
BRDA:67,3,1,3
BRF:6
BRH:5
end_of_record
TN:
SF:/home/vagrant/nfd/nfd-kernel/lib/topology/topology.js
FN:32,(anonymous_1)
FN:37,(anonymous_2)
FN:38,(anonymous_3)
FN:53,(anonymous_4)
FN:67,(anonymous_5)
FN:72,(anonymous_6)
FN:77,(anonymous_7)
FN:82,(anonymous_8)
FN:87,(anonymous_9)
FN:98,(anonymous_10)
FN:105,(anonymous_11)
FN:106,(anonymous_12)
FNF:12
FNH:3
FNDA:1,(anonymous_1)
FNDA:1,(anonymous_2)
FNDA:0,(anonymous_3)
FNDA:0,(anonymous_4)
FNDA:0,(anonymous_5)
FNDA:0,(anonymous_6)
FNDA:0,(anonymous_7)
FNDA:1,(anonymous_8)
FNDA:0,(anonymous_9)
FNDA:0,(anonymous_10)
FNDA:0,(anonymous_11)
FNDA:0,(anonymous_12)
DA:25,1
DA:32,1
DA:33,1
DA:37,1
DA:38,1
DA:40,0
DA:41,0
DA:46,0
DA:47,0
DA:48,0
DA:52,0
DA:53,0
DA:54,0
DA:55,0
DA:56,0
DA:59,0
DA:61,0
DA:62,0
DA:67,1
DA:72,1
DA:77,1
DA:82,1
DA:87,1
DA:88,0
DA:89,0
DA:91,0
DA:92,0
DA:94,0
DA:95,0
DA:96,0
DA:97,0
DA:98,0
DA:99,0
DA:105,1
DA:106,0
DA:107,0
DA:112,1
DA:113,1
LF:38
LH:13
BRDA:41,1,0,0
BRDA:41,1,1,0
BRDA:47,2,0,0
BRDA:47,2,1,0
BRDA:55,3,0,0
BRDA:55,3,1,0
BRF:6
BRH:0
end_of_record
